S01800006275696C642F6D6963617A2F6D61696E2E73726563E5
S11300000C9446010C9463010C9463010C946301F9
S11300100C9463010C9463010C9463010C94B3116C
S11300200C9463010C9404170C9463010C94400227
S11300300C9445160C9463010C9463010C944107D1
S11300400C9463010C9463010C94F1010C9463010E
S11300500C941B020C940F0C0C9463010C9463011C
S11300600C9463010C9463010C9463010C9463017C
S11300700C9463010C9463010C9463010C9463016C
S11300800C9463010C9463010C946301000021102F
S1130090422063308440A550C660E77008812991EE
S11300A04AA16BB18CC1ADD1CEE1EFF13112100296
S11300B073325222B5529442F772D662399318833E
S11300C07BB35AA3BDD39CC3FFF3DEE36224433462
S11300D020040114E664C774A44485546AA54BB58E
S11300E028850995EEE5CFF5ACC58DD55336722636
S11300F011163006D776F6669556B4465BB77AA7DE
S113010019973887DFF7FEE79DD7BCC7C448E55881
S11301108668A7784008611802282338CCC9EDD92D
S11301208EE9AFF9488969990AA92BB9F55AD44AD5
S1130130B77A966A711A500A333A122AFDDBDCCB7D
S1130140BFFB9EEB799B588B3BBB1AABA66C877CA1
S1130150E44CC55C222C033C600C411CAEED8FFDCD
S1130160ECCDCDDD2AAD0BBD688D499D977EB66E75
S1130170D55EF44E133E322E511E700E9FFFBEEF1D
S1130180DDDFFCCF1BBF3AAF599F788F8891A981DF
S1130190CAB1EBA10CD12DC14EF16FE18010A100C9
S11301A0C230E3200450254046706760B9839893B9
S11301B0FBA3DAB33DC31CD37FE35EF3B102901219
S11301C0F322D2323542145277625672EAB5CBA585
S11301D0A89589856EF54FE52CD50DC5E234C32469
S11301E0A01481046674476424540544DBA7FAB759
S11301F09987B8975FE77EF71DC73CD7D326F236B9
S11302009106B01657667676154634564CD96DC9A4
S11302100EF92FE9C899E9898AB9ABA94458654808
S113022006782768C018E1088238A3287DCB5CDBF8
S11302303FEB1EFBF98BD89BBBAB9ABB754A545A58
S1130240376A167AF10AD01AB32A923A2EFD0FEDC4
S11302506CDD4DCDAABD8BADE89DC98D267C076CA8
S1130260645C454CA23C832CE01CC10C1FEF3EFF98
S11302705DCF7CDF9BAFBABFD98FF89F176E367EF8
S1130280554E745E932EB23ED10EF01E11241FBE45
S1130290CFEFD0E1DEBFCDBF1AE0A0E0B1E0E6E9E8
S11302A0F9E400E00BBF02C007900D92AA33B10736
S11302B0D9F710E1AAE3BAE001C01D92AA32B1074E
S11302C0E1F70C948A020C940000AF92BF92CF9293
S11302D0DF92EF92FF920F931F93CF93DF9306EE7B
S11302E0A0901710B0901810C0901910D0901A1048
S11302F0A114B104C104D104C9F110E064E07FE0A9
S1130300EE24FF2481E090E0A0E0B0E00E2C04C0D5
S1130310880F991FAA1FBB1F0A94D2F78A219B2119
S1130320AC21BD210097A105B10579F0202F332719
S113033044275527FB0185819681A781B0858217C3
S11303409307A407B5070CF405811F5F0894E11C0B
S1130350F11C675F7F4F1630A8F28FB7F894992786
S113036012B71D5F011728F4012F03C08FB7F8944B
S113037099270093800F01BF1092520F8FBF0E94E4
S11303801407DF91CF911F910F91FF90EF90DF90B1
S1130390CF90BF90AF900895FC012091000130915F
S11303A001018091FD0E9091FE0E01969093FE0E38
S11303B08093FD0E81A5813091F491858091020195
S11303C0981769F4868197814FEF8F3F940719F04E
S11303D08217930721F480E0815F8D32E8F3CF0127
S11303E008951F920F920FB60F9211242F933F93EB
S11303F04F935F936F937F938F939F93AF93BF9329
S1130400EF93FF935F9B06C08CB140E050E060E047
S11304100E946B0EFF91EF91BF91AF919F918F91CD
S11304207F916F915F914F913F912F910F900FBEEC
S11304300F901F90189578941F920F920FB60F92F9
S113044011242F933F934F935F936F937F938F93D5
S11304509F93AF93BF93EF93FF930E94CB10FF91B1
S1130460EF91BF91AF919F918F917F916F915F9128
S11304704F913F912F910F900FBE0F901F901895A1
S11304801F920F920FB60F9211242F933F934F9305
S11304905F936F937F938F939F93AF93BF93EF93E8
S11304A0FF938FB7F894992726B537B58FBFC90145
S11304B00E947116FF91EF91BF91AF919F918F911F
S11304C07F916F915F914F913F912F910F900FBE4C
S11304D00F901F901895BC018FB7F894482F55279B
S11304E02091460FE22FFF27EE0FFF1FEB5EF24F26
S11304F080819181892B51F42F5F27702093460FBF
S1130500608371834FBF81E090E008954FBF80E026
S113051090E00895CFEFD0E1DEBFCDBFD29AD09A5C
S1130520D19AA79AA69AA59AA49AA39AA29AA19AAA
S1130530A09ABB98BA9AB99AD69AD59AB8981698A6
S11305408E988C98BF988E98D498DC98D39A8B9A6E
S11305508D9ADB9ADA9AD89AD99A83E08C5F873994
S1130560E8F390E08AE08093FD0C9093460F90931B
S11305704A0E85E19DE0FC019C01225F3F4F1192F0
S11305801192029628173907D4F70E94B503809177
S11305900001909101018330910529F18430910586
S11305A030F48130910549F0029791F03EC08430D7
S11305B0910521F1059769F138C06CE47EE085E787
S11305C094E00E94E4036CE77BE08DE195E02BC0AE
S11305D06CE47EE081E795E00E94E4036CE77BE055
S11305E089E196E020C06CE47EE08DE696E00E940E
S11305F0E4036CE77BE085E197E015C06CE47EE002
S113060089E697E00E94E4036CE77BE081E198E0EF
S11306100AC06CE47EE085E698E00E94E4036CE79F
S11306207BE08DE099E00E9423048FB7F89499272A
S113063010929A0FD29AD09AD19ADA9AD89AD99AD1
S11306408FBF8FB7F8949927DA9A8FBF8FB7F89432
S11306509927D89A8FBF8FB7F8949927D99A8FBFC3
S11306601092E40F0E9456041092260D1092270D4A
S11306700E9467040E9449058FB7F8949927109245
S1130680570F8FBF8FB7F89499271092910F10923C
S1130690450F10925A0F1092590F8FBF61E082E0FC
S11306A00E948D050E94B5038FB7F8949927109284
S11306B03B0F10923A0F8FBF0E94C50561E0862F51
S11306C00E948D050E94B5038FB7F8949927109264
S11306D05F0F10925E0F8FBF0E94C5050E945604E3
S11306E01092260D1092270D0E9467040E9449055E
S11306F08FB7F89499271092570F8FBF0E94B503B4
S11307000E94F3050E9449050E94330724E630E065
S113071040E050E060E0862F0E94A4060E94F305AA
S11307200E9449050E94330778948FB7F894482FA4
S1130730552790914A0EE92FFF27EE0FFF1FEB5E1E
S1130740F24F208131812115310529F4789488955F
S113075000000000EACF108211829F5F977090938F
S11307604A0E4FBFF9010995E0CF1092171010926D
S113077018101092191010921A101092520F8FEF35
S1130780809320108093AF0A1092130D83E080931E
S1130790530F96EE9093800F8FB7F894282F33273A
S11307A087B78E7F87BF87B78D7F87BF80B7886005
S11307B080BF8BE083BF12BE91BF87B7826087BFC3
S11307C02FBF81E090E00895CF92DF92EF92FF92E5
S11307D00F931F93CF93DF936C017B01C0E0D0E0B4
S11307E08E0160E070E09801220F331F220F331F47
S11307F040E050E0F901E40FF51FEE0FFF1FDF01A9
S1130800AE0DBF1DEC0DFD1D808191818D939C93D8
S11308104F5F5F4F4430510568F36F5F7F4F2C5F2C
S11308203F4F6730710520F32196095F1F4FC33096
S1130830D105B8F2DF91CF911F910F91FF90EF9006
S1130840DF90CF900895EF92FF920F931F93CF9371
S1130850DF937C018B0140E050E0BA0120E030E0FE
S1130860CB01880F991F880F991FEC01C00FD11F6E
S1130870FC01EE0DFF1D81919191A191B19189939C
S11308809993A993B9932F5F3F4F2730310598F37C
S11308904F5F5F4F695F7F4F43305105F8F2DF913F
S11308A0CF911F910F91FF90EF9008951092E10F57
S11308B01092F80EEEE5FDE0CF0185519F4F1082B6
S11308C0BF968E179F07DCF781E090E008958FB7FD
S11308D0F894282F33271092970F1092560F1092E6
S11308E0F90E10924B0E85EE9FE090934E0F80937D
S11308F04D0F1092E50F2FBF8FB7F894482F55274F
S1130900209100013091010181E597E3289FB00116
S1130910299F700D389F700D1124CB018F5A984C6C
S11309209093900F80938F0F9093221080932110B7
S113093085E89FE0289FB001299F700D389F700DB6
S11309401124CB018B57904F9093FF0C8093FE0C96
S11309504FBF3093DF0F2093DE0F90E08FB7F894F2
S1130960282F332780914E0A882321F481E0809335
S11309704E0A982F2FBF992319F480E090E087C086
S113098081E08093D80FBB98BA9AB99AD69AD59A2F
S1130990B89A16988E988C98BF988FB7F894992720
S11309A0B99ABB98BA9A709A6C9A6B986A98699833
S11309B068986E9A8FBF0E94B5038FB7F894282F5A
S11309C0332784E08093F70E8FEF90E09093251007
S11309D0809324102FBF80E098EF9093610F809351
S11309E0600F82EE92E09093630F8093620F80E039
S11309F095E09093650F8093640F80E890EE909358
S1130A00670F8093660F8FE097EA9093690F809346
S1130A10680F8FEF90E690936B0F80936A0F85EECB
S1130A2092E190936D0F80936C0F86E59AE090931A
S1130A306F0F80936E0F85E691E49093710F80930E
S1130A40700F84EC91E09093730F8093720F109267
S1130A50750F1092740F1092770F1092760F8FE724
S1130A6092E09093790F8093780F10927B0F1092FD
S1130A707A0F8FB7F894282F332782E080934E0A99
S1130A802FBF84E79AE10E946B0281E090E09927EE
S1130A9008958FB7F894682F80E090E042E55AE01B
S1130AA09C01F901E80FF91FEF57F04F4483558378
S1130AB012821382118201962B5F3F4F435D5F4F79
S1130AC08230910574F31092DD0F10923F0F109253
S1130AD03E0F1092FA0C1092F90C1092510A1092D7
S1130AE0500A1092AE0A1092AD0A1092D70F1092CB
S1130AF0580F1092E00F10920B0D10920A0D1092E5
S1130B002B0D10922A0D8091850F9091860F909352
S1130B10990F8093980F6FBF08951F93CF93C82F99
S1130B20162F8C3090F48A3081F08B3071F00E9453
S1130B30AA058FB7F8949927EC2FFF27E553F04FB8
S1130B4010838FBF81E090E002C080E090E0CF91FD
S1130B501F9108958FB7F894282F8091050D88234D
S1130B6091F480E090E0EBECFFE0819301968C300F
S1130B709105DCF38EE18093D50F8FE18093D60F3E
S1130B8081E08093050D2FBF08958FB7F894282F27
S1130B9033271092F60E1092F50E1092480F109211
S1130BA0470F10922910109228101092030F1092E0
S1130BB0020F8DE791E0A0E0B0E080931C109093C9
S1130BC01D10A0931E10B0931F102FBF0E94AA05E2
S1130BD08FB7F894282F33278EE086B917B82FBF24
S1130BE081E090E008951F938FB7F8949927A0911E
S1130BF0970F8FBFAA2309F086C08FB7F894282FC8
S1130C00332789E08093970FA093D10BE0914D0F88
S1130C10F0914E0FA0832FBF8FB7F8949927A0931C
S1130C2015108FBF9A2F8FB7F894282F33278091F0
S1130C304E0A823021F483E080934E0A91E02FBF64
S1130C40992319F480E090E05CC08FB7F894992759
S1130C5060912410709125102091F70E8FBF27709A
S1130C6028608FB7F894482F5527AFBD87B78F7E7C
S1130C7087BF87B78B7F87BF87B78F7D87BF1DBC33
S1130C801CBC7BBD6ABD86B7806186BF2EBD4FBFCD
S1130C90DD9A88E592E000000000000000000000FA
S1130CA0000000000000019718161906A4F3DE984E
S1130CB000000000DE9A0000000068E170E08DE1B1
S1130CC00E94870611E08FB7F89499271093010FBB
S1130CD08FBF80B39927F6E096958795FA95E1F74B
S1130CE08170907080932C0D21E030E040E050E062
S1130CF0612F85E00E94A406812F0E94260781E0CF
S1130D0090E0992702C080E090E01F910895982F09
S1130D108FB7F894382F1092D80FC0989FB9779B4B
S1130D20FECF2FB19F3040F0872F99278FB9779B43
S1130D30FECF6FB9779BFECF81E08093D80F3FBF82
S1130D40C09A822F99270895EF92FF920F931F93D1
S1130D50CF93DF93962F79018A01863050F4623065
S1130D6044F4662349F423E0E216F1040105110575
S1130D7018F480E090E051C0682F7727FB01B3E0BE
S1130D80EE0FFF1FBA95E1F7E60FF71FEC5FF04F88
S1130D90E182F2820383148390838FB7F894C82F7F
S1130DA0DD2782B7E80EF11C011D111DE582F682D4
S1130DB00783108721E030E040E050E004C0220FB8
S1130DC0331F441F551F6A95D2F7809117109091D5
S1130DD01810A0911910B0911A10822B932BA42BE8
S1130DE0B52B8093171090931810A0931910B093FB
S1130DF01A108091800F9927AA27BB27E816F906B5
S1130E000A071B0738F4E092800FE1BE1092520FDC
S1130E100E941407CFBF81E090E0DF91CF911F9132
S1130E200F91FF90EF9008958091390A18162CF0D5
S1130E3089EC99E10E946B0206C085B7837E85BF69
S1130E4085B7806285BF80E090E00895982F8FB7C2
S1130E50F894282FC0989FB9779BFECF8FB12FBFEE
S1130E60C09A99270895109290008FE089B982E082
S1130E708BB986E08093950088ED8AB981E090E093
S1130E80089578941F920F920FB60F9211242F9306
S1130E903F934F935F936F937F938F939F93AF93FE
S1130EA0BF93CF93DF93EF93FF938FB7F894282FDB
S1130EB033278091140D882369F08091420F809329
S1130EC0960F88608093420F83BF8091250D81BF68
S1130ED01092140D2FBF8FB7F894C82FDD2780917F
S1130EE0430F9091440F892B21F485EF98E10E94E0
S1130EF06B0221B78091430F9091440F820F911D93
S1130F0001969093440F8093430FCFBFFF91EF91CD
S1130F10DF91CF91BF91AF919F918F917F916F910D
S1130F205F914F913F912F910F900FBE0F901F90A3
S1130F301895982F8FB7F894482F1092D80FC0980F
S1130F4090649FB9779BFECF8FB11FB8779BFECF7C
S1130F508FB1282F33271FB8779BFECF322F22273C
S1130F608FB19927282B392BC09A81E08093D80F11
S1130F704FBFC9010895882319F08EB5806402C05B
S1130F808EB58F7B8EBD86B7806286BF08951F9312
S1130F90CF93DF93682F41E050E011E0C82FDD27A5
S1130FA00C2E02C0440F551F0A94E2F72091020F41
S1130FB03091030FCA0182239323892B11F010E08F
S1130FC010C0CA01822B932B9093030F8093020FBE
S1130FD0232B39F4862F0E94F707D093F60EC09383
S1130FE0F50E812F9927DF91CF911F910895982FA6
S1130FF08FB7F894282F3327EBECFFE0E90FF11DAE
S113100080818F7187B92FBF379A369A81E090E03B
S113101008950F931F93CF93C0E08FB7F894482F90
S113102080919B0F8111C1E020915E0F30915F0F81
S11310302115310539F480913A0F90913B0F892B9A
S113104009F4C1E0232B11F410924F0A80913A0F56
S113105090913B0F892B19F481E080934F0A4FBF85
S1131060CC2309F0AFC020914F0A222309F44DC0CC
S11310708091000D9091010D8230910589F18330AA
S1131080910530F4009751F0019709F49BC03DC0DD
S11310908330910509F496C00497B9F581E090E096
S11310A09093010D8093000D1D9A159A1E98169821
S11310B081E00E94E6088FB7F894992771E0709355
S11310C09B0F8FBF10924F0A2AE030E040E050E0BF
S11310D0672F872F0E94A406813009F473C04FC084
S11310E08FB7F894992721E020939B0F8FBF8FB778
S11310F0F894082F1127822F0E94C7070FBF813051
S113110009F055C0C0934F0A5DC0222309F054C0B2
S11311108091000D9091010D8230910581F0833012
S1131120910530F4009759F0019709F44BC044C07D
S11311308330910509F446C0049731F13DC083E042
S113114090E09093010D8093000D1D9815981E9AC0
S1131150169A81E00E94E6088FB7F894282F332767
S113116081E080939B0F2FBF80934F0A2AE030E0E9
S113117040E050E0682F0E94A406813019F11092DB
S1131180010D1092000D13C08FB7F894282F332748
S113119081E080939B0F2FBF8FB7F894082F1127FE
S11311A082E00E94C7070FBF9927813049F089E088
S11311B098E00E946B0206C080E0222309F481E0DB
S11311C080934F0ACF911F910F910895CF93DF938E
S11311D0863008F03EC041E050E060E070E004C0BA
S11311E0440F551F661F771F8A95D2F7C0911710B9
S11311F0D0911810E0911910F0911A10CE01DF016E
S113120084239523A623B7230097A105B10509F1EB
S11312108FB7F894282F3327DB01CA018095909566
S1131220A095B0958C239D23AE23BF2380931710E4
S113123090931810A0931910B0931A102FBF009711
S1131240A105B10519F481E08093520F81E090E08B
S113125002C080E090E0DF91CF910895EF92FF9279
S11312600F931F93CF93DF93082FC0E0D0E09E012C
S1131270E0E3FDE08085801729F486A5813011F430
S1131280EF0106C02F5F3F4FBF962630310594F320
S11312902097B9F58091E10F99272FE2E22EF12CE6
S11312A08E9DF0018F9DF00D9E9DF00D1124E05D4B
S11312B0F24F16A5112329F56AE0812F0E948909AE
S11312C08823F9F02091E10F822F99278E9DF00158
S11312D08F9DF00D9E9DF00D1124E05DF24F00876F
S11312E081E086A78FE2289FE0011124C05DD24FE0
S11312F02F5F822F66E00E949D249093E10F10934C
S1131300260DCE01DF91CF911F910F91FF90EF90A9
S11313100895282F90E08FB7F894382F662339F07A
S1131320E22FFF27EA5DF24F8081882331F4E22F18
S1131330FF27EA5DF24F608391E03FBF892F992731
S11313400895982FE0E3FDE0DF01A551BF4F8085AC
S11313508917B1F486A5813099F44E3108F04DE136
S113136082E086A725A740838091020181872223FA
S113137011F4668377830E94C70981E090E00895A1
S1131380BF96AE17BF071CF780E090E00895CF9397
S1131390DF938091F80E9927CFE2D0E08C9FF00183
S11313A08D9FF00D9C9FF00D1124E05DF24F86A5FA
S11313B08230C1F464E181E00E948909882391F0BC
S11313C08091F80E99278C9FF0018D9FF00D9C9FC2
S11313D0F00D1124E05DF24F83E086A785EF99E0DC
S11313E00E946B02DF91CF910895CF93DF93CDB725
S11313F0DEB722970FB6F894DEBF0FBECDBF409183
S1131400F80E242F33278FE290E0289FF001299FC4
S1131410F00D389FF00D1124E05DF24F85A588236F
S113142009F07AC08FE2489FF0011124E05DF24F89
S11314308FB7F89499272091970F8FBF213009F027
S113144066C088E082838091F90E882319F081E2D6
S1131450818301C021838FEF9FEF8483958326814D
S1131460378181E089831A8240E050E089819A8142
S11314708130910509F4AC01452B19F4632F722FC7
S113148001C0B901668377839081955F90838091D1
S1131490560F8F5F8093560F838313A614A6925022
S11314A09093AC0AF0938E0FE0938D0F88E08093B5
S11314B0D10B0E94000B8F70907001969C0143E049
S11314C0220F331F4A95E1F7280F391F280F391FC0
S11314D01092020D2115310529F462E070E080E0DC
S11314E090E005C0C901AA27BB27BC01CD010E9419
S11314F0B70A9927882359F08FB7F894282F3327F0
S113150084E08093970F2FBF81E090E002C080E0D9
S113151090E0892B19F51EC08FE2489F9001112499
S1131520205D324F91E08FB7F8944091271042FD2F
S113153008C04460409327103093AE0A2093AD0A4C
S113154001C090E08FBF913019F40E94230B982FB3
S1131550992321F485EF99E00E946B0222960FB63D
S1131560F894DEBF0FBECDBFDF91CF910895CF9326
S1131570DF93EC01DB018FB7F894282F3327A09376
S1131580060DB093070DC093080DD093090D81E0AB
S1131590809315102FBFAF3FB105C105D10521F0D0
S11315A018F064E08FEF02C064E08A2F0E94DD0A25
S11315B081E090E0DF91CF910895982F683018F082
S11315C080E090E0089568608FB7F894282F33275F
S11315D015BC87B78F7787BF87B78F7B87BF60932B
S11315E0FC0E90933D0F14BC93BD86B7806886BFF4
S11315F087B7806887BF65BD2FBF81E090E00895FD
S11316008FB7F894482F552720918F0F3091900F62
S1131610832F881F8827881F220F331F882321F0D8
S11316208BE090E1282739272F5F3F4F3093900FAD
S113163020938F0F8091FE0C9091FF0C282739275F
S11316404FBFC9010895CF93C1E020E08FB7F8944C
S1131650382F8091DD0F882391F5809127109927E9
S113166081FF08C08BE59FE090932F0D80932E0D92
S113167080E41AC082FF0FC0E091AD0AF091AE0A77
S1131680F0932F0DE0932E0D82E48093B10A8081B4
S113169099270A960DC083FF12C08FED9BE09093AB
S11316A02F0D80932E0D8FEF8093B10A81E090E08F
S11316B09093FA0C8093F90C2C2FC093DD0F3FBF4D
S11316C0222309F18FB7F894282F33271092510A57
S11316D01092500A86E090E090933F0F80933E0F63
S11316E02FBF8EE70E94870BC82F813061F08FB720
S11316F0F894282F332788E08093DD0F2FBF80EAEA
S11317009BE00E946B028C2F9927CF910895482F5C
S11317108FB7F894282F33279091570F81E0809347
S1131720570F2FBF992319F080E090E008958FB7E9
S1131730F89499274CB95E9A8FBF81E090E00895A0
S11317408FB7F894282F33278091DD0F883011F458
S11317501092DD0F2FBF8091B10A90912710803431
S113176051F48FB7F894282F332782E09827909369
S113177027102FBF24C08FB7F894282F332784E075
S11317809827909327102FBF2091AD0A3091AE0A6D
S11317909091F80E8FE2989FC0011124805D924FC2
S11317A02817390711F40E94E20B109216108FB714
S11317B0F89499271092AE0A1092AD0A8FBF0E9436
S11317C0230B08954091F80E242F33278FE290E0E5
S11317D0289FF001299FF00D389FF00D1124E05D42
S11317E0F24F16A64F5F842F66E00E949D249093CB
S11317F0F80E1092270D0E94C709089588E00E94F0
S11318002E099093110D8093100D009739F00A96CC
S113181090934A0F8093490F81E090E008951F92BE
S11318200F920FB60F921124BF92CF92DF92EF92D4
S1131830FF920F931F932F933F934F935F936F9355
S11318407F938F939F93AF93BF93CF93DF93EF9344
S1131850FF93E4B1F5B1F370349A37987894EF01BB
S1131860BFEFFB2EEE24A1E0DA2E8FB7F894B82E4A
S11318708091F50E9091F60E0A9759F4CF01AA279C
S1131880BB2780931C1090931D10A0931E10B0933F
S11318901F10C090F50E0C2D112761E070E0002E92
S11318A002C0660F771F0A94E2F740912810509106
S11318B02910462357234115510551F48091020FF5
S11318C09091030F862797279093030F8093020F1D
S11318D02091470F3091480FCB0182239323892B0A
S11318E049F0ED2C452B31F4262737273093480F48
S11318F02093470F4091020F5091030F411551055A
S113190001F12091F50E3091F60E2F5F3F4F2C30F0
S1131910310511F0C90102C080E090E09C0181E032
S113192090E0022E02C0880F991F0A94E2F78423E4
S11319309523892B51F33093F60E2093F50EF090F6
S1131940F50E8AE0C816C9F0EE20B9F0CF01AA2737
S1131950BB27EAE0880F991FAA1FBB1FEA95D1F79E
S113196020911C1030911D1040911E1050911F1099
S1131970BC01CD010E94A924E901BFBE8FEFF81676
S113198019F08F2D0E94F7078AE0C81609F4BCC02D
S1131990EE2011F0DD24B8C00230110509F444C072
S11319A00330110524F40130110531F0ABC00730C8
S11319B0110509F481C0A6C08FB7F894E0929B0F7B
S11319C020915E0F30915F0F2230310518F02230E4
S11319D0310521F010925F0F10925E0F8FBF89E0E6
S11319E098E00E946B028FB7F894282F3327C09396
S11319F0120D8D2F99278093F40ED093000FC0936E
S1131A00FF0E2FBF8FB7F894282F332710925F0F44
S1131A1010925E0F8091231082B980910F0D83B9CB
S1131A202FBF84ED98E16AC08FB7F894E0929B0FC2
S1131A3020913A0F30913B0F2230310518F02230BB
S1131A40310521F010923B0F10923A0F8FBF89E0BD
S1131A5098E00E946B028FB7F894282F3327C09325
S1131A60120D8D2F99278093F40ED093550FC093A8
S1131A70540F2FBF8FB7F894282F332710923B0FA2
S1131A8010923A0F8091231082B980910F0D83B97F
S1131A902FBF8FB7F894992701E010E010935F0FE0
S1131AA000935E0F8FBF89E098E00E946B0283EB86
S1131AB098E10E946B0227C08FB7F8949927D093BE
S1131AC0DC0FC093DB0F8FBF8DE79BE10E946B029D
S1131AD0282F8823A9F48FB7F89499272093FC0C16
S1131AE08FBF8FB7F894282F33278FEF9FEF9093F2
S1131AF0DA0B8093D90B2FBF8AEB9DE00E946B0217
S1131B0001E001C000E0D02E8FB7F894682F41E0C7
S1131B1050E002C0440F551FCA94E2F720912810E8
S1131B2030912910C90184239523892B41F0DD20AC
S1131B3031F42427352730932910209328106FBFC0
S1131B40FF91EF91DF91CF91BF91AF919F918F91D1
S1131B507F916F915F914F913F912F911F910F91C1
S1131B60FF90EF90DF90CF90BF900F900FBE0F903B
S1131B701F901895EF92FF920F931F93CF93DF93CB
S1131B80CDB7DEB72A970FB6F894DEBF0FBECDBF30
S1131B908AE0FE01319611928A95E9F7609100017D
S1131BA07091010185E190E0689FF001699FF00D5B
S1131BB0789FF00D1124EE0FFF1FED5FFE4F408163
S1131BC051818091D90B9091DA0B89839A8314E027
S1131BD0E12EF12C0AE010E020E030E0CE01019685
S1131BE00E94FF0D2A960FB6F894DEBF0FBECDBF3C
S1131BF0DF91CF911F910F91FF90EF900895CF92B5
S1131C00DF92EF92FF920F931F93CF93DF93DC0148
S1131C10EA01690120E030E04EE050E08091E10B00
S1131C209091E20B019751F4E1EEFBE02F5F3F4FFF
S1131C30E40FF51F808191810197C1F38EE090E05C
S1131C40289FF001299FF00D389FF00D1124EF51CA
S1131C50F44F81E090E08083918362837383648393
S1131C607583C683D783C086D18602871387E486AB
S1131C70F586F90103E0EE0FFF1F0A95E1F7E20F85
S1131C80F31FE20FF31FEE54F54F8D919C911197C2
S1131C908083918312968D919C9113978283938371
S1131CA014968D919C9115978483958316968D91A6
S1131CB09C9117978683978318968D919C91199779
S1131CC080879187DF91CF911F910F91FF90EF90C3
S1131CD0DF90CF9008950F931F93082F8091D70F13
S1131CE099278230910509F46BC0833091052CF457
S1131CF0009759F0019781F1B3C18330910509F43C
S1131D009AC0049709F455C1ABC10E3709F0AAC1B2
S1131D108091580F9927FC01EE0FFF1FEE0FFF1F54
S1131D20E80FF91FE80FF91FEF57F04F82819381F5
S1131D30009709F097C1118290932B0D80932A0D7F
S1131D4090930B0D80930A0D848195819093990F44
S1131D508093980F81E081C10E3709F483C180918B
S1131D60580F9927FC01EE0FFF1FEE0FFF1FE80F1E
S1131D70F91FE80FF91FEF57F04F008380912A0DE8
S1131D8090912B0DECE8F0E0202F2927220FF11D74
S1131D90E20FF11DC895982F802D3196C895902596
S1131DA090932B0D80932A0D802F992781349105D0
S1131DB029F08234910509F44FC152C182E04DC12A
S1131DC00E3709F44DC18091580F0D3779F49927D6
S1131DD0FC01EE0FFF1FEE0FFF1FE80FF91FE80FC6
S1131DE0F91FEF57F04F80E281833CC19927FC0132
S1131DF0EE0FFF1FEE0FFF1FE80FF91FE80FF91F8B
S1131E00EF57F04F21812027218380912A0D909153
S1131E102B0DECE8F0E02927220FF11DE20FF11D54
S1131E20C895982F802D3196C895902590932B0DA9
S1131E3080932A0D11C180910A0D90910B0D893266
S1131E40910508F0B8C00D3711F484E006C10E37CF
S1131E5009F079C0029708F45AC080910A0D8150A4
S1131E600E943710A091980FB091990FFD01E80FCF
S1131E70F11D80819927182F002780910A0D9091D8
S1131E800B0DA80FB91F12978C910E943710992738
S1131E90082B192B10932B0D00932A0D8091580FAA
S1131EA09927FC01EE0FFF1FEE0FFF1FE80FF91F2C
S1131EB0E80FF91FEF57F04F80910A0D90910B0D29
S1131EC002978283938383E09AE10E946B0280915C
S1131ED0580F8F5F81708093580F9927FC01EE0F84
S1131EE0FF1FEE0FFF1FE80FF91FE80FF91FEF5751
S1131EF0F04F82819381892BD9F4848195819093C9
S1131F00990F8093980F81E08093D70F13C080912D
S1131F10580F9927FC01EE0FFF1FEE0FFF1FE80F6C
S1131F20F91FE80FF91FEF57F04F12821382118245
S1131F301092D70F10922B0D10922A0D10920B0DA8
S1131F4010920A0D8FC080910A0D0E943710E09103
S1131F50980FF091990FE80FF11D008340910A0D3D
S1131F6050910B0D42305105E8F020912A0D30912B
S1131F702B0DE091980FF091990FE40FF51F329714
S1131F808081ECE8F0E08327880FF11DE80FF11D54
S1131F90C895322F202D3196C895302530932B0DBE
S1131FA020932A0D4F5F5F4F50930B0D40930A0D02
S1131FB059C00E37D1F410922B0D10922A0D1092A5
S1131FC00B0D10920A0D8091580F9927FC01EE0F0A
S1131FD0FF1FEE0FFF1FE80FF91FE80FF91FEF5760
S1131FE0F04F1282138211823BC080E20827809155
S1131FF00A0D0E943710E091980FF091990FE80FA5
S1132000F11D008340910A0D50910B0D4230510592
S1132010E8F020912A0D30912B0DE091980FF0916A
S1132020990FE40FF51F32978081ECE8F0E08327E5
S1132030880FF11DE80FF11DC895322F202D319620
S1132040C895302530932B0D20932A0D4F5F5F4F99
S113205050930B0D40930A0D83E08093D70F02C079
S11320601092D70F81E090E01F910F910895843072
S113207010F48A5F06C0843019F480E090E008957B
S11320808B5F99270895CF93DF93EC018091020130
S1132090898761E0CE010E94A410882309F450C00E
S11320A0888599278830910559F0893091050CF479
S11320B047C08A30910509F443C08097C9F140C0F4
S11320C00E94FE0B8823E1F1DE011A96E091490F8C
S11320D0F0914A0F8A8580832091490F30914A0FED
S11320E011968C911197F90181832091490F3091B8
S11320F04A0F12968D919C911397F90182839383D1
S113210014968C91F9018483E091490FF0914A0F60
S113211086E03596DE011F960D9001928A95E1F7CF
S113212020E04BE06FEF7FEF88E00E94A10908C038
S11321308FB7F894992710925A0F1092590F8FBFA6
S1132140CE01DF91CF910895FC0140E021A521301B
S113215031F4918580910201981709F4422F662386
S113216079F4268137818FEF2F3F380739F080913A
S11321700001909101012817390709F461E0462311
S1132180842F99270895FC01809102018187CF0152
S11321900E94CC0108958FB7F89499272091570F86
S11321A01092570F8FBF222309F4C2C08091DD0F14
S11321B0873031F41092DD0F80EA9BE00E946B02BD
S11321C021E08091DD0F99278430910509F48CC0BA
S11321D08530910554F48230910561F18330910585
S11321E00CF076C0019749F09AC08630910509F445
S11321F08FC006970CF481C092C082E08093DD0FFB
S11322002091500A3091510A8091B10AECE8F0E033
S11322108327880FF11DE80FF11DC895322F202D5B
S11322203196C89530253093510A2093500A8091F5
S1132230B10A72C08091B10A2091500A3091510ABA
S11322404CE850E0E0912E0DF0912F0D60913E0F7F
S113225070913F0F803411F0E60FF71F6081762FE5
S1132260FA017327770FF11DE70FF11DC895922F1F
S1132270802D3196C89590259093510A8093500AE9
S113228080913E0F90913F0F019690933F0F809362
S11322903E0F0A9721F410923F0F10923E0F809147
S11322A03E0F90913F0F019731F48AE090E09093B4
S11322B03F0F80933E0F20913E0F30913F0F80914E
S11322C0F90C9091FA0C2817390798F084E00FC0A4
S11322D08091141090E289270E94870B282F809107
S11322E0920F8093DD0F1BC06091500A85E08093AC
S11322F0DD0F862F0E949B1111C08091500A90918E
S1132300510A292F332786E08093DD0F822FF2CFE5
S113231087E08093DD0F8EE70E94870B282F213002
S113232039F088E08093DD0F80EA9BE00E946B0225
S113233081E090E00895982F8D57823078F48FB71C
S1132340F894282F33278091DD0F8093920F83E038
S11323508093DD0F909314102FBF9DE7892F0E9467
S1132360870B992708951F920F920FB60F9211248D
S11323702F933F934F935F936F937F938F939F9389
S1132380AF93BF93CF93EF93FF938091F90E88237C
S113239071F18091970F843051F580911510882345
S11323A031F18FB7F894282F33271092151087B77F
S11323B08F7787BF2FBF0E94000B9C012F73307053
S11323C02F5F3F4FC901880F991F880F991F880FEE
S11323D0991F820F931F820F931F855B9F4FAA271C
S11323E097FDA095BA2FBC01CD010E94B70A80E0E9
S11323F090E0B79981E0892B19F40E94221210C051
S11324008FB7F894C82F81E79AE10E946B02882362
S113241021F089B78F7B89BF02C00E942212CFBFEF
S1132420FF91EF91CF91BF91AF919F918F917F9148
S11324306F915F914F913F912F910F900FBE0F902D
S11324401F9018951F9389B78F7B89BF8FE30E94D4
S1132450990718E0812F0E942607812F0E942607E2
S11324608FB7F894992710924B0E8FBF8FB7F894BB
S1132470282F33278AB780628ABF8AB78F7E8ABFA4
S113248089B7806489BF2FBF1F9108951F93CF938D
S113249080E090E0B79981E0892B11F40E9B8EC007
S11324A08FB7F894182FC0914B0ECC2349F081E7D5
S11324B09AE10E946B02882331F40E94221203C025
S11324C081E080934B0E1FBFCC2309F077C040916D
S11324D04D0F50914E0F9C2F8FB7F894282F809159
S11324E0510F882311F091E003C081E08093510FD4
S11324F02FBF992309F04DC08FB7F894282F9093DC
S11325000C0D50937B0B40937A0BC0988FE78FB9D7
S1132510779BFECF8FB11FB8779BFECF8FB180938F
S11325202610882321F1E0917A0BF0917B0B8083B4
S1132530809126108F5F809326108A3218F089E2EA
S11325408093261091E080912610981780F41FB88C
S1132550779BFECFE0917A0BF0917B0BE90FF11D95
S11325608FB180839F5F80912610981780F381E05C
S113257080930C0D2FBFC09A8EE79AE10E946B02E4
S1132580282F882349F48FB7F89499272093510F63
S11325908FBF80E090E002C081E090E0282F3327D5
S11325A0222361F48FB7F894992720934B0E8FBFA1
S11325B081E79AE10E946B02882311F40E9422129F
S11325C0CF911F9108958FB7F894282F332791E066
S11325D09093970FE0918D0FF0918E0F80818B5027
S11325E080832FBF692FCF010E94F71208959C01A9
S11325F09091F80E8FE2989FC0011124805D924F54
S11326002817390711F40E94E20B81E090E0089545
S11326108FB7F894282F332781E08093970F2FBF2B
S1132620E0918D0FF0918E0F80818B50808380918B
S11326308D0F90918E0F60E00E94F7120895FC01B7
S11326400190F081E02D20919A0FAF0142705070FB
S1132650E0FF06C08FB7F8949927DA98216005C087
S11326608FB7F8949927DA9A2E7F20939A0F8FBF09
S113267020919A0FE470F070452B31F08FB7F894E5
S11326809927D998226005C08FB7F8949927D99AC9
S11326902D7F20939A0F8FBF20919A0FEF2B31F04B
S11326A08FB7F8949927D898246005C08FB7F89409
S11326B09927D89A2B7F20939A0F8FBF82EB98E1AA
S11326C00E946B0281E090E00895CF93DF93DC01D8
S11326D0EB01BA01A90120E030E088E390E0A89F73
S11326E0F001A99FF00DB89FF00D1124EC5EF14F9D
S11326F0808191812817390798F5FD0193E0EE0F49
S1132700FF1F9A95E1F7EA1BFB0BE20FF31F83E02F
S1132710EE0FFF1F8A95E1F7E45BF14FF09780819C
S11327209181F0968C179D0749F4BE97619371933C
S11327304193519381E090E0808391832F5F3F4FD9
S113274088E390E0A89FF001A99FF00DB89FF00DD9
S11327501124EC5EF14F808191812817390768F2CA
S1132760DF91CF91089560E0A1E07091330A272FA3
S1132770332788E390E0289FF001299FF00D389FCC
S1132780F00D1124EC5EF14F80819181892B59F178
S1132790472F5527FA0133E0EE0FFF1F3A95E1F773
S11327A0E41BF50BE60FF11D23E0EE0FFF1F2A9546
S11327B0E1F7EE5DF14F80819181892B09F4A0E06E
S11327C06F5F262F332788E390E0489FF001499FED
S11327D0F00D589FF00D1124EC5EF14F8081918132
S11327E028173907A8F28A2F992708952F923F9224
S11327F04F925F926F927F928F929F92AF92BF920D
S1132800CF92DF92EF92FF920F931F93CF93DF93B8
S1132810CDB7DEB72B970FB6F894DEBF0FBECDBF92
S113282089839A836B837C83EE24FF24E816F9065C
S113283008F01DC13091330A39872090000130908F
S113284001014985242F3327C901E3E0880F991F2B
S1132850EA95E1F7821B930B8E0D9F1D880F991F3C
S1132860880F991FDC01AC59B44F2D913D914D91C6
S11328705C912D833E834F8358873C01660C771C03
S11328804CE45EE0640E751E82ED9FEF680E791EC7
S1132890F301008111812EE230E0620E731EC80143
S11328A0AA2797FDA095BA2FBC01CD010E94E12370
S11328B04B015C0117FF08C020E030E040E857E41A
S11328C00E9482234B015C0144ED5FEF640E751E90
S11328D0F30100811181C801AA2797FDA095BA2FA1
S11328E0BC01CD010E94E1232B013C0117FF08C06C
S11328F020E030E040E857E40E9482232B013C01B1
S113290020E030E040E057E4C501B4010E94EE232A
S1132910181654F420E030E040E857E4C501B4014F
S11329200E9481234B015C0120E030E040E057E449
S1132930C301B2010E94EE23181654F420E030E0E3
S113294040E857E4C301B2010E9481232B013C01FA
S11329500894E11CF11CEA86FB862B813C81232B25
S1132960E1F5610153E0CC0CDD1C5A95E1F74BE82D
S113297059E0C40ED51E2D813E814F815885C50175
S1132980B4010E944C24DC01CB01F601E080F1800B
S1132990028113819C01AD01C801B7010E9481230A
S11329A0DC01CB01F60180839183A283B3832D8163
S11329B03E814F815885C301B2010E944C24DC0141
S11329C0CB01F601E480F580068117819C01AD01FD
S11329D0C801B7010E9481233BC0610143E0CC0CD4
S11329E0DD1C4A95E1F72BE839E0C20ED31E2D8198
S11329F03E814F815885C501B4010E944C24DC01FD
S1132A00CB01F601E080F180028113819C01AD01CC
S1132A10C801B7010E948223DC01CB01F601808347
S1132A209183A283B3832D813E814F815885C30155
S1132A30B2010E944C24DC01CB01F601E480F58054
S1132A40068117819C01AD01C801B7010E94822350
S1132A50DC01CB01F60184839583A683B783EA84E2
S1132A60FB8429813A81E216F30608F4EACE2B9618
S1132A700FB6F894DEBF0FBECDBFDF91CF911F918B
S1132A800F91FF90EF90DF90CF90BF90AF909F9009
S1132A908F907F906F905F904F903F902F9008950C
S1132AA0AC0120E030E02817390708F56091330ABB
S1132AB0862F9927FC01B3E0EE0FFF1FBA95E1F7CB
S1132AC0E81BF90BE20FF31FA3E0EE0FFF1FAA951B
S1132AD0E1F7E45BF14FBE971192119211921192BA
S1132AE0108211822F5F3F4F2417350708F3089592
S1132AF08F929F92AF92BF92CF92DF92EF92FF920A
S1132B000F931F93CF93DF93CDB7DEB72A970FB6FA
S1132B10F894DEBF0FBECDBF8AE04E010894811C3D
S1132B20911CF40111928A95E9F70091000110912A
S1132B300101F801E00FF11FEF59F64F8091330ABC
S1132B40282F3327808191812817390708F08AC0FC
S1132B5088E390E0289FF001299FF00D389FF00D45
S1132B601124EC5EF14FA080B18023E0000F111F0F
S1132B702A95E1F70557164FF80180819181A281CA
S1132B80B381BC01CD010E94C423DC01CB01898344
S1132B909A83F80184819581A681B781BC01CD0116
S1132BA00E94C423DC01CB018B839C83CC24DD24D1
S1132BB0CA14DB04D8F58091330A282F3327F9018E
S1132BC093E0EE0FFF1F9A95E1F7E21BF30BEC0D78
S1132BD0FD1D83E0EE0FFF1F8A95E1F7E45EF14FE0
S1132BE040815181609100017091010185E190E083
S1132BF0689FF001699FF00D789FF00D1124E40F98
S1132C00F51FEE0FFF1FED5FFE4F03E0E02EF12CEA
S1132C1089019A0140815181CE0101960E94FF0DE4
S1132C200894C11CD11CCA14DB0428F2AB2859F443
S1132C309091330A8091340A981728F49F5F9093F7
S1132C40330A0E947815809100019091010113E0EC
S1132C50E12EF12C00E010E09801A801BC01C401B0
S1132C600E941F132A960FB6F894DEBF0FBECDBF85
S1132C70DF91CF911F910F91FF90EF90DF90CF9054
S1132C80BF90AF909F908F90089578941F920F9269
S1132C900FB60F9211242F933F938F939F938FB767
S1132CA0F894282F332780913C0F882381F080915A
S1132CB02D0D8093F70E886080932D0D8EBD80912D
S1132CC02410909125109BBD8ABD10923C0F2FBFFC
S1132CD09F918F913F912F910F900FBE0F901F9056
S1132CE018950F931F93CF93DF93EC018091970F67
S1132CF099278230910519F0039791F174C08FB729
S1132D00F894082F112787B78F7D87BF86B7806215
S1132D1086BF80E00E94BB0786B7846086BF8EB5FD
S1132D208F7E8EBD8EB5877F8EBD87B7806287BF4D
S1132D300FBF849907C087B78F7D87BF86B780622E
S1132D4086BF03C083E08093970FE0918D0FF091CD
S1132D508E0FC3A7D4A78091970F833009F449C07D
S1132D6085E08093970F87B78F7D87BF86B7806292
S1132D7086BF8FB7F894082F112787B78F7D87BF39
S1132D8086B7806286BF81E00E94BB0786B78460F5
S1132D9086BF8EB58F7E8EBD8EB5877F8EBD87B77D
S1132DA0806287BF0FBF8091F90E882399F0E0916C
S1132DB08D0FF0918E0F868197818F5F9F4F51F019
S1132DC082E08093020D6BE470E080E090E00E946A
S1132DD0B70A04C083EE92E10E946B02882349F48F
S1132DE00E94081306C0E0914D0FF0914E0FC3A747
S1132DF0D4A706B601FE03C086B7846086BFDF9100
S1132E00CF911F910F91089578941F920F920FB64E
S1132E100F9211242F933F934F935F936F937F935C
S1132E208F939F93AF93BF93EF93FF938FB7F894D0
S1132E30282F33278091D80B882359F080911B10B9
S1132E40886080931B1085BD80913D0F83BD1092D7
S1132E50D80B2FBF8FB7F89499274091060D509146
S1132E60070D8FBF4F3F510508F040C087B78F77DC
S1132E7087BF8FB7F8949927109215108FBF8FB71B
S1132E80F89499272091970F8FBF8091020D99276D
S1132E908130910581F0823091051CF4892B21F059
S1132EA03BC0029759F038C08DE997E10E946B024C
S1132EB0882391F518C00E94FD172EC0253061F5B6
S1132EC08FB7F894282F3327E0918D0FF0918E0F50
S1132ED012A686E08093970F2FBF83EE92E10E94A3
S1132EE06B028823C9F40E94081316C0452F552786
S1132EF08FB7F894282F3327CA01AA27BB278093BA
S1132F00060D9093070DA093080DB093090D2FBFE4
S1132F1064E0842F0E94DD0AFF91EF91BF91AF918D
S1132F209F918F917F916F915F914F913F912F91DD
S1132F300F900FBE0F901F901895CF9389E00E94B9
S1132F402607882309F455C09091AC0A9F5F4091ED
S1132F508D0F50918E0F20E08FB7F894382F809109
S1132F60D00B882311F021E003C081E08093D00BC3
S1132F703FBF2223B9F58FB7F894382F20930C0D57
S1132F809093950F5093290D4093280DC0988EE38C
S1132F908FB9779BFECFCFB190E02091950F921718
S1132FA078F4E091280DF091290D81918FB9F09377
S1132FB0290DE093280D779BFECF9F5F921788F32E
S1132FC081E080930C0D3FBFC09A85E79AE10E948F
S1132FD06B02282F882349F48FB7F89499272093FC
S1132FE0D00B8FBF80E090E002C08C2F99278823FC
S1132FF011F40E940813CF9108950F931F938FB774
S1133000F89499272091970F8FBF243009F0A1C01D
S113301080E090E0B79981E0892B21F40E9902C0F9
S11330200E942212869B5BC08FB7F894282F332707
S113303082E08093970F2FBF85E00E94260780E0EF
S11330400E94260786958695869580FF1BC08FB7BC
S1133050F894082F112787B78F7D87BF86B78062C2
S113306086BF81E00E94BB0786B7846086BF8EB5A9
S11330708F7E8EBD8EB5877F8EBD87B7806287BFFA
S11330800FBF67C08FB7F894282F332784E080934D
S1133090970F2FBF0E94000B8F73907001969C01B5
S11330A053E0220F331F5A95E1F7280F391F280FD9
S11330B0391F81E08093020D2115310529F462E066
S11330C070E080E090E005C0C901AA27BB27BC01DD
S11330D0CD010E94B70A99278823D9F538C0809179
S11330E0D10B982F81508093D10B992361F40E94C6
S11330F0221288E08093D10B8DE997E10E946B0244
S1133100882339F524C00E94000B8F7390700196B8
S11331109C0143E0220F331F4A95E1F7280F391F22
S1133120280F391F81E08093020D2115310529F400
S113313062E070E080E090E005C0C901AA27BB27E7
S1133140BC01CD010E94B70A9927882311F40E947B
S113315008131F910F9108958FBF08958FB7F894A6
S1133160992708950895CF93DF93CDB7DEB72A97B3
S11331700FB6F894DEBF0FBECDBF8AE0FE013196D4
S113318011928A95E9F78091540F9091550F90937D
S1133190380A8093370A2A960FB6F894DEBF0FBE1A
S11331A0CDBFDF91CF910895CF93DF93CDB7DEB735
S11331B02A970FB6F894DEBF0FBECDBF8AE0FE019A
S11331C0319611928A95E9F78091FF0E9091000F44
S11331D09093470A8093460A2A960FB6F894DEBF66
S11331E00FBECDBFDF91CF9108959F92AF92BF9252
S11331F0CF92DF92EF92FF920F931F93CF93DF93BF
S113320081E08093520F8FB7F8949927C090430FB1
S1133210D090440F1092440F1092430F8FBF8091AF
S1133220171090911810A0911910B0911A100097CE
S1133230A105B10509F495C09924C4E0DFE0AA24EE
S1133240BB2461E0E62EF12C012D112D0A2C04C0C3
S1133250EE0CFF1C001F111F0A94D2F78091171067
S113326090911810A0911910B0911A108E219F21DD
S1133270A023B1230097A105B10509F469C0960103
S1133280442755278D819E81AF81B885821B930B7E
S1133290A40BB50B8D839E83AF83B8870397A105D9
S11332A0B1050CF055C086EA9BE10E946B028823AD
S11332B009F445C08881882389F48D819E81AF817A
S11332C0B88529813A814B815C81820F931FA41FA9
S11332D0B51F8D839E83AF83B8871AC0A801970159
S11332E02095309540955095809117109091181025
S11332F0A0911910B0911A1082239323A423B5230B
S11333008093171090931810A0931910B0931A106B
S113331080912010853019F48FEF809320109091C4
S113332020109F5F909320108091130D8F5F8093E6
S1133330130DE92FFF27EE52F44F908209C08091BC
S1133340800F9927AA27BB278D839E83AF83B887D5
S113335093940894A11CB11C299685E0891508F062
S113336070CF8FB7F8949927C090430FD090440F33
S11333708FBFCD2811F40E946501DF91CF911F9179
S11333800F91FF90EF90DF90CF90BF90AF909F9000
S1133390089587B799278C7F009719F080E090E013
S11333A01AC06F9918C0379B03C088E090E013C01F
S11333B087B7992783709070892B59F081B792B79A
S11333C0891B803118F48CE190E005C088E190E01D
S11333D002C080E190E0382F8093B00A25B7237EA5
S11333E08C3121F0883111F008C0000080B7992792
S11333F087709070892BC9F7237E232B25BF85B74F
S1133400806285BF08950F931F93CF93DF939091AC
S1133410E00F86E0989F800111240F57104FF801A8
S1133420C481D58182819381059760F12081822FA7
S113343099278134910559F08234910524F480341C
S1133440910501F119C08234910561F015C081E044
S113345089A7F801818180937D0F8BE59AE10E9411
S11334606B0202C081E089A7CE010E944310CE0105
S11334700E94C310EC0106C02093DF0B8CE39EE195
S11334800E946B028FB7F894282F3327209719F0E6
S1133490F801C483D583F8011282138211828091CA
S11334A0E00F8F5F81708093E00F2FBFDF91CF918A
S11334B01F910F91089520917D0F31E08FB7F894FB
S11334C09091271091FD06C092609093271020934D
S11334D05B0F01C030E08FBF313011F40E94230B29
S11334E008950E944612089508958FB7F894992775
S11334F01092D00B8FBF0E94FD170895FF920F9377
S11335001F93CF93DF93CDB7DEB722970FB6F8940E
S1133510DEBF0FBECDBF00E010E08FB7F89499274F
S1133520F090261060917A0B70917B0B1092510FE2
S11335308FBF8FB7F89499272091970F8FBFC80139
S1133540B79981E0892B11F40E9B6BC0FF2009F41D
S113355068C089E28F1508F464C070934E0F6093BD
S11335604D0F8091F90E882309F444C0253009F0E9
S113357041C0FB0181819927877090700297D1F532
S113358093818091560F9817A9F5DB01AF0DB11DFA
S1133590AD0141505040FA019081991F9927991F1C
S11335A0913041F58FB7F894282F3327E0918D0F90
S11335B0F0918E0F92A7E0918D0FF0918E0F1297DC
S11335C08C9187A3E0918D0FF0918E0FDA018C918D
S11335D08F7780A786E08093970F10924B0E2FBFB2
S11335E083EE92E10E946B02882309F07AC00E9464
S11335F0081377C0E0914D0FF0914E0F8181992708
S113360087709070019769F48281883051F48081C9
S11336108B508083A0914D0FB0914E0F8C918E31C1
S113362048F00E9422128FB7F894992710924B0EFB
S11336308FBF57C016962D913C91179781E08983CF
S11336401A8240E050E089819A818130910509F421
S1133650AC01452B19F4032F122F01C089011696D2
S11336600D931C931797AB014F0D511D9A012150D7
S11336703040F9018081881F8827881F99968C9390
S1133680A0914D0FB0914E0F42505040FA018081ED
S113369097968C93E0914D0FF0914E0FD9018C9138
S11336A08F7780A78FB7F894082F112789E49EE1BC
S11336B00E946B02882311F480934B0E0FBF80E0AD
S11336C090E0B79981E0892B11F40E9B08C00E9904
S11336D006C081E79AE10E946B02882311F40E94DC
S11336E0221222960FB6F894DEBF0FBECDBFDF9133
S11336F0CF911F910F91FF9008950F931F938FB750
S1133700F894082F11278091DB0F9091DC0F9C0116
S11337104427552760E07CE183E190E00E94A924DE
S11337200FBF8FB7F89499271092FC0C8FBF8FB7F7
S1133730F89499273093DA0B2093D90B8FBF8AEB37
S11337409DE00E946B021F910F9108952F923F926A
S11337504F925F926F927F928F929F92AF92BF929D
S1133760CF92DF92EF92FF920F931F93CF93DF9349
S1133770CDB7DEB72E970FB6F894DEBF0FBECDBF20
S11337809091130D992319F486E090E015C080916F
S1133790AF0A853019F48FEF8093AF0A8091AF0A96
S11337A08F5F8093AF0A91509093130DE82FFF27FA
S11337B0EE52F44F80819927863008F037C2082FE3
S11337C011270230110509F4E7C10330110544F44F
S11337D00115110591F00130110509F4A0C126C2AB
S11337E00430110509F4E8C1043011050CF4D7C103
S11337F00530110509F4F5C119C280914C0A909164
S11338004D0A22E08735920730F4019690934D0AD1
S113381080934C0A19C08091000190910101892B79
S113382079F08FB7F894282F332781E090E09093B4
S11338303B0F80933A0F2FBF89E098E00E946B0200
S113384010934D0A00934C0ACC24DD24CD86DE86E9
S1133850E1EEEE2EEBE0FE2EF701A080B180F1E068
S1133860AF16B10409F07BC0F701228133812150E6
S11338703040228333832115310509F070C0ED8572
S1133880FE85EC0DFD1DEE54F54F808191818983F9
S11338909A83828193818B839C83848195818D8398
S11338A09E83868197818F83988780859185898778
S11338B09A87F7010480F581E02DEB87FC87F701F7
S11338C08680978060847184428453842484358400
S11338D0890184E00E942E099093040D8093030DC6
S11338E0009739F00A969093410F8093400FC501D9
S11338F001C0C801882381F105301105B8F4E091B5
S1133900400FF091410F9801200F311FCE01019615
S1133910D901A80FB91FE20FF31F8D919D918193D7
S113392091930F5F1F4F05301105B8F3E091400FDD
S1133930F091410F82869386648675868B859C857B
S113394086879787408A518A228A338A20E044E115
S1133950B40184E00E94A109F70110821182089445
S1133960C11CD11C8EE090E0E80EF91EED85FE85A9
S11339703996ED87FE87F4E1CF16D10408F46CCFB5
S113398020910001309101012115310509F04EC14A
S11339908091440A9091450A8336910508F47CC0CD
S11339A083369105B1F501969093450A8093440AB4
S11339B00E94FE0B882309F439C12091350A309105
S11339C0360A2150304079F0D901A20FB31FA65C0A
S11339D0B54FFD013297808191818D939C93215045
S11339E03040DF01B1F780913A0A90913B0A019689
S11339F090933B0A80933A0AE091490FF0914A0F61
S1133A0080913A0A8083E091490FF0914A0F81E056
S1133A107DC042E08735940708F43EC0E2E0873574
S1133A209E07B1F501969093450A8093440A0E943B
S1133A30FE0B882309F4FAC02091350A3091360A26
S1133A402150304079F0D901A20FB31FA65CB54FC5
S1133A50FD013297808191818D939C932150304058
S1133A60DF01B1F780913A0A90913B0A0196909355
S1133A703B0A80933A0AE091490FF0914A0F8091F2
S1133A803A0A8083E091490FF0914A0F84E03EC0E6
S1133A90F7E087309F0730F401969093450A8093AE
S1133AA0440AC4C03093450A2093440A0E94FE0B82
S1133AB0882309F4BBC02091350A3091360A21507D
S1133AC0304079F0D901A20FB31FA65CB54FFD01B8
S1133AD03297808191818D939C9321503040DF01F6
S1133AE0B1F780913A0A90913B0A019690933B0A70
S1133AF080933A0AE091490FF0914A0F80913A0A73
S1133B008083E091490FF0914A0F83E0818320E0A4
S1133B104BE06FEF7FEF88E00E94A10987C080919E
S1133B20000D9091010D8230910569F1833091056A
S1133B3028F4009741F1019721F025C0039791F0F3
S1133B4022C082E090E09093010D8093000D8FB726
S1133B50F894082F112781E00E94C7070FBF813016
S1133B6091F464C084E090E09093010D8093000D83
S1133B708FB7F894082F112782E00E94C7070FBF60
S1133B80813009F453C08FB7F894992710929B0F92
S1133B908FBF89E098E03DC08FE29EE13AC08091FA
S1133BA0FD0E9091FE0E9093E30F8093E20F10921E
S1133BB0FE0E1092FD0E3AC020E030E0B79921E0ED
S1133BC08091FB0C90917C0F891711F0291771F1EA
S1133BD02093FB0C21E030E040E050E061E084E021
S1133BE023C080B3992776E0969587957A95E1F777
S1133BF0282F217080912C0D9091010F891761F06D
S1133C00291751F460E070E08DE10E9487068BEC87
S1133C1091E20E946B020AC020932C0D21E030E057
S1133C2040E050E061E085E00E94A4062E960FB6C5
S1133C30F894DEBF0FBECDBFDF91CF911F910F91DE
S1133C40FF90EF90DF90CF90BF90AF909F908F90B8
S1133C507F906F905F904F903F902F9008950F93B7
S1133C601F938FB7F894082F11278AE00E94C70783
S1133C700FBF1F910F9108958FB7F894282F332702
S1133C80809127108860809327102FBF0E94230BF8
S1133C9008952F923F924F925F926F927F928F92EC
S1133CA09F92AF92BF92CF92DF92EF92FF920F93C7
S1133CB01F93CF93DF93CDB7DEB769970FB6F89410
S1133CC0DEBF0FBECDBF8FB7F8949927A0904D0FDC
S1133CD0B0904E0F8FBF60E0C5010E94A4108823EE
S1133CE009F42EC3F501808599278830910509F4DC
S1133CF0BBC1893091050CF020C3049709F01DC3A2
S1133D005AE0C52ED12CCA0CDB1CFEE9AF16FFE02D
S1133D10BF0639F420915C0F30915D0F2D8B3E8BE3
S1133D2004C08EE99FE08D8B9E8BB0925D0FA092B4
S1133D305C0FF60166847784A484B58480889188B6
S1133D40228933892F8B388F228433848AE0FE01C1
S1133D50319611928A95E9F7198E4424552437E057
S1133D606316710471F489829A82EF88F88C840155
S1133D709501A101B30181E090E08C0F9D1F0E9489
S1133D801F13E0910001F0910101AE16BF0609F086
S1133D904DC18F89988D049791F58FB7F894082FAA
S1133DA0112770924C0F60924B0F909213108092D7
S1133DB01210F601808191819093940F8093930F58
S1133DC08281938190930E0D80930D0D8481958152
S1133DD090937F0F80937E0F868197819093500FED
S1133DE080934F0F86E193E20E946B020FBFEF882E
S1133DF0F88C84019501A101B301C60114C180911D
S1133E00330A99278816990609F0F2C0AA0CBB1C3C
S1133E1021E639E0A20EB31EF50180819181881557
S1133E20990509F08EC0F6012281338140815181C8
S1133E30B301C4010E9465130E94B313813009F0D9
S1133E4010C18091330A282F332788E390E0289FFC
S1133E50F001299FF00D389FF00D1124EC5EF14F15
S1133E604080518060E070E0C2010E94F613C201FC
S1133E700E9450154114510409F4F3C08091330A8F
S1133E80A82EBB24F50143E0EE0FFF1F4A95E1F78E
S1133E90EA19FB09298DE20FF11D33E0EE0FFF1F34
S1133EA03A95E1F7E45EF14F80809180C090000183
S1133EB0D0900101860123E0000F111F2A95E1F73C
S1133EC00557164FF80180819181A281B381BC010D
S1133ED0CD010E94C423DC01CB0189839A83F801BC
S1133EE084819581A681B781BC01CD010E94C42340
S1133EF0DC01CB018B839C8385E190E0C89EF001BB
S1133F00C99EF00DD89EF00D1124E80DF91DEE0F99
S1133F10FF1FED5FFE4F93E0E92EF12C8501940124
S1133F2040815181B601CE0101960E94FF0DF98DA9
S1133F30FF5FF98F8F2F99278415950508F49ECF7D
S1133F4090C0F6012281338140815181B301C401C3
S1133F500E9465130E94B313813021F58091330AC6
S1133F60282F332788E390E0289FF001299FF00D44
S1133F70389FF00D1124EC5EF14F4080518061E0D8
S1133F8070E0C2010E94F613C2010E945015909184
S1133F90330A8091340A981728F49F5F9093330A68
S1133FA00E947815009100011091010183E0000F37
S1133FB0111F8A95E1F70557164FF8018081918109
S1133FC0A281B381BC01CD010E94C423DC01CB01D9
S1133FD089839A83F80184819581A681B781BC0184
S1133FE0CD010E94C423DC01CB018B839C8339C0A7
S1133FF0F6012281338140815181B301C4010E94C1
S1134000651387E090E089839A8380910001909101
S11340100101EF88F88C82019201A201BC0181E0C8
S113402090E08C0F9D1F0E941F131BC085E190E040
S1134030E89F9001E99F300DF89F300D1124F9019C
S1134040EA0DFB1DEE0FFF1FED5FFE4F2080318058
S1134050EF88F88C84019501A101B301C6010E9487
S1134060FF0D8D899E896AC18AE0FE013196119205
S11340708A95E9F720E030E0D901F5018285682FBF
S1134080772767FD70958091000190910101892B3C
S113409009F453C14091350A5091360A2417350763
S11340A070F4EAE3FAE0819191918617970711F48D
S11340B0A1E0B0E02F5F3F4F24173507A0F3AB2BEF
S11340C009F03BC12091350A3091360A2150304025
S11340D079F0D901A20FB31FA65CB54FFD01329749
S11340E0808191818D939C9321503040DF01B1F701
S11340F070933B0A60933A0A0E94FE0B8823A9F14D
S1134100D5011A962091490F30914A0FF501828505
S1134110F90180832091490F30914A0F11968C91B7
S11341201197F90181832091490F30914A0F12961A
S11341308D919C911397F9018283938314968C91AA
S1134140F9018483E091490FF0914A0F86E0359696
S1134150D5011F960D9001928A95E1F720E04BE07E
S11341606FEF7FEF88E00E94A1098AE00BE0602EE8
S1134170712C6C0E7D1EF30111928A95E9F7882447
S11341809924F5013A9684818F5F8483C09000015D
S1134190D0900101C282D3828181992787FD9095B5
S11341A083309105B9F18430910534F4813091055F
S11341B039F0029711F1C1C0049709F474C0BDC06D
S11341C08FB7F89499272091FC0C8FBF222309F014
S11341D0B4C08FB7F894082F112787E00E94C7074F
S11341E00FBF882309F4A9C08FB7F894282F332769
S11341F081E08093FC0C2FBFA0C08B869C8613E0CB
S1134200E12EF12C84019401A401B601C3010E94A2
S11342101F1393C085E190E0C89EF001C99EF00D84
S1134220D89EF00D1124EE0FFF1FED5FFE4F80802E
S113423091808601B3E0000F111FBA95E1F705578D
S1134240164FF80180819181A281B381BC01CD0117
S11342500E94C423DC01CB018B879C87F8018481F5
S11342609581A681B781BC01CD010E94C423DC01E4
S1134270CB018D879E878091480A9091490A8F8748
S1134280988B80914A0A90914B0A898B9A8BA4E06F
S1134290EA2EF12C00E010E09801A401B601C3015C
S11342A00E94FF0D4AC081E08093330AF3E0CC0CF6
S11342B0DD1CFA95E1F72BE839E0C20ED31EE0903D
S11342C0460AF090470AC701AA2797FDA095BA2F7E
S11342D0BC01CD010E94E123F7FE06C020E030E0DE
S11342E040E857E40E948223F6016083718382834D
S11342F093830091370A1091380AC801AA2797FDC1
S1134300A095BA2FBC01CD010E94E12317FF06C07E
S113431020E030E040E857E40E948223F601648301
S1134320758386839783F092490AE092480A109332
S11343304B0A00934A0A0E947815C501DC0101C0AA
S1134340D5018FB7F8949927109721F0B0934E0FA9
S1134350A0934D0FE0914D0FF0914E0F10821092EB
S11343604B0E8FBF69960FB6F894DEBF0FBECDBF5C
S1134370DF91CF911F910F91FF90EF90DF90CF903D
S1134380BF90AF909F908F907F906F905F904F9071
S11343903F902F900895FF920F931F93CF93DF9335
S11343A0CDB7DEB724970FB6F894DEBF0FBECDBFEE
S11343B08091600F9091610FBC0180E10E9487069B
S11343C08091620F9091630FBC0181E10E94870686
S11343D081E10E9499079C018091620F9091630F83
S11343E02817390709F05EC08091640F9091650F1A
S11343F0BC0182E10E9487068091660F9091670F4D
S1134400BC0183E10E9487068091680F9091690F37
S1134410BC0184E10E94870680916A0F90916B0F22
S1134420BC0185E10E94870680916C0F90916D0F0D
S1134430BC0186E10E94870680916E0F90916F0FF8
S1134440BC0187E10E9487068091700F9091710FE3
S1134450BC0188E10E9487068091720F9091730FCE
S1134460BC0189E10E9487068091740F9091750FB9
S1134470BC018AE10E9487068091780F9091790FA0
S1134480BC018CE10E94870680917A0F90917B0F8A
S1134490BC018DE10E94870689E00E94260788E01E
S11344A00E94260720910001309101012B833C8357
S11344B0B90181E089831A8240E050E089819A81C0
S11344C08130910509F4AC01452B19F4072F162FFF
S11344D001C089010B831C8390E08091D80F88234D
S11344E009F442C08FB7F894582F9093D80F8AE6F6
S11344F091E09093FB0E8093FA0E82E08093E00BA0
S1134500CE01039690939D0F80939C0FC098809149
S1134510FA0E80688FB9779BFECF8FB18091FA0E27
S11345209091FB0E96958795807C8FB9779BFECFF3
S11345308FB190E04091E00B941770F420919C0FA0
S113454030919D0FF901E90FF11D80818FB9779B9F
S1134550FECF9F5F9417B0F35FBF81E08093D80FC5
S113456085E193E20E946B028091700F9091710F2C
S11345709D7F9093710F8093700FBC0188E10E941E
S1134580870686FF03C083E00E9426078FB7F8944E
S1134590282F332784E080934E0A2FBF8FB7F894D7
S11345A099272091970F8FBF293099F583E00E94B6
S11345B026078FB7F894282F33278AB780628ABFDB
S11345C08AB78F7E8ABF89B7806489BF2FBF61E0B5
S11345D0F62E8FB7F894082F112787B78F7D87BFE2
S11345E086B7806286BF8F2D0E94BB0786B7846022
S11345F086BF8EB58F7E8EBD8EB5877F8EBD87B705
S1134600806287BF0FBF8FB7F8949927F092970FF6
S11346108FBF24960FB6F894DEBF0FBECDBFDF91D7
S1134620CF911F910F91FF90089508950F931F93B9
S11346308091910F082F1127000F111F0552144F5D
S11346408AE00E942E09F801808391830097C1F0CB
S11346508FB7F894282F33278091910FE82FFF27E5
S1134660EE0FFF1FE552F44F808191810A969093DB
S1134670DA0F8093D90F1092450F2FBF81E090E09D
S11346808823E1F1E091D90FF091DA0F80911210B3
S1134690909113108283938380914B0F90914C0FD0
S11346A0808391838091930F9091940F8483958359
S11346B080910D0D90910E0D8683978380917E0FCE
S11346C090917F0F8087918780914F0F9091500F29
S11346D08287938721E04CE06EE770E08AE00E94D5
S11346E0A109882359F08FB7F894282F3327809194
S11346F0910F91E089278093910F2FBF1F910F9104
S113470008955058192EA6D001D08CC0BA1762074C
S1134710730784079507B1F188F40EF410940B2EF7
S1134720BA2FA02D062E622F202D072E732F302D89
S1134730082E842F402D092E952F502DFF27552309
S1134740B9F0591B49F0573E98F04695379527958F
S1134750A795F0405395C9F776F0BA0F621F731FFF
S1134760841F30F4879577956795B795F0409395B6
S113477017FA0F2E0895BF1BBB27BA0B620B730BDE
S1134780840BF6CFDEF682C097FB70D09F3738F0EB
S1134790FEE9F91B982F872F762F6B2F05C073C066
S11347A09695879577956795F150D0F73EF4909557
S11347B08095709561957F4F8F4F9F4F0895E89432
S11347C003C097FB0EF4F3DFB62F672F782F892FE2
S11347D09EE9002427C00ED05EF004C00BD026F062
S11347E001C008D019F020F48FEF089580E00895F7
S11347F081E0089597FB092E052600F868942DD0D2
S1134800E89407FC07C0621773078407950721F033
S113481008F400940794989408959A95BB0F661F22
S1134820771F881F11249923A1F08823B2F79F3F93
S113483059F0BB0F48F421F4002011F460FF04C0C8
S11348406F5F7F4F8F4F9F4F881F9795879597F97D
S1134850089519C0052E092607FA440F551F5F3F16
S113486079F0AA27A51708F051E04795880F991FFA
S11348709F3F31F0BB27B91708F091E08795089561
S11348809F919F9157C06627772788279927089576
S1134890592F482F372F262FDDDF01D0C3CF99237F
S11348A039F0552329F09F575F57950F13F4CAF138
S11348B0EDCF91589F3FE1F3A62F00241124BB278D
S11348C066275527F8E0A69520F4020E131EB41FA0
S11348D0651F220F331F441F551FFA95A1F7F8E0F7
S11348E0E72F7727F8E0E69520F4130EB41F651F31
S11348F07A1F330F441F551FAA1FFA95A1F7F82FEB
S11349008827F69520F4B40F651F7A1F8E1F440F75
S1134910551FAA1FEE1FFF23A1F788231AF49395AE
S113492039F408C0000C111CBB1F661F771F881FB9
S1134930012808959FEF80EC0895991B79E004C045
S1134940991F961708F0961B881F7A95C9F78095CA
S11349500895A1E21A2EAA1BBB1BFD010DC0AA1FBC
S1134960BB1FEE1FFF1FA217B307E407F50720F0D4
S1134970A21BB30BE40BF50B661F771F881F991F4F
S11349801A9469F760957095809590959B01AC0198
S1094990BD01CF010895F2
S113499601007DFFFF01000100010001000100018B
S11349A600010001000100010001000100010001F5
S11349B6000100010001000100010001000000FFE8
S11349C6FF020003000400040004000400080008B9
S11349D6000800080008000800040004000400049D
S11349E60004000400040001000100FFFF030001AD
S11349F600010001000100010001000100010001A5
S1134A060001000100010001000100010001000194
S1134A1600020002000200FFFF0200020002000280
S1134A26000200020002000200020002000200026C
S1134A36000200020002000200020001000100015F
S1134A46000100FFFF050006000600010001000149
S1134A56000100010001000600060006000600062B
S1134A66000600060001000100010001000100FF2C
S1134A76FF01000100010001000100010001000125
S1134A860001000100010001000100010001000411
S1134A960004000400040004000400FFFF070004EF
S1134AA600040004000400040004000700070007D3
S1134AB600070007000700070006000600060006B8
S1134AC600060006000600FFFF06000600060006B4
S1134AD600060006000E000E000E000E000E000E6C
S1134AE6000E0001000100010001000100010001A7
S1134AF6000100FFFF09000900090009000900017F
S1134B060001000100010001000100010008000885
S1134B16000800080008000800080008000800FF54
S1134B26FF0A000B000B000B000800080008000831
S1134B360008000800080009000900090009000926
S1134B460009000900090009000900FFFF0900091E
S1134B560009000900090009000900090009000903
S1134B6600080008000800080008000800080008FB
S1134B7600080008000800FFFF0C000C00080008ED
S1134B8600080008000800080008000B000B000BD2
S1134B96000B000B000B000B000B000B000B000BB3
S1134BA6000B00FFFF0D000B000B000B000B000BAE
S1134BB6000B000B000C000C000C000C000C000C8D
S1134BC6000C000C000C000C000C000C000C00FF88
S1134BD6FF0C000C000C000C000C000C000C000771
S1134BE60007000700070007000700070007000783
S1134BF60007000700070007000700FFFF0F000F6C
S1134C06000F000F000F000F000E000E000E000E26
S1134C16000E000E000E000E000E000E000E000E1A
S1134C26000E000E000E00FFFF1000100010001012
S1134C360010000F000F000F000F000F000F000FF1
S1134C46000F000F000F000F000F000F000F000FE2
S1134C56000F00FFFF1100110011001100100010D9
S1134C6600100010001000100010001000100010BA
S1134C76001000100010001000100010001000FFBB
S1134C86FF12001200120011001100110011001190
S1134C960011001100110011001100110011001182
S1134CA60011001100110011001100FFFF13001381
S1134CB6001200120012001200120012001200125A
S1134CC6001200120012001200120012001200124A
S1134CD600120012001200FFFF1400130013001349
S1134CE60013001300130013001300130013001322
S1134CF60013001300130013001300130013001312
S1134D06001300FFFF020000000000000002000084
S1134D160000000000040000000000000000000085
S1134D260000000000000000000000000000000079
S1134D360000000000000000000000000002000067
S1134D460000000000030000000000000006000050
S1134D560000000000000000000000000000000049
S1134D660000000000000000000000000000000039
S1134D760000000000020000000000000007000020
S1134D8600000000000E000000000000000000000B
S1134D960000000000000000000000000000000009
S1134DA600000000000000000000000000000000F9
S1134DB6407AC6863E7AC6863E00000000000000A1
S1134DC600000000000000000000000040840E0AFD
S1134DD63EB70B6D3E00000000000000000000001E
S1134DE6000000000000000040D4F35E3ECD201E0B
S1134DF63E0000000000000000000000000000006B
S1134E060003000000000000000100000000000094
S1134E160003000000000000000500000000000080
S1134E260000000000000000000000000000000078
S1134E360000000000000000000000000000000068
S1134E460000000000000000000000000000000058
S1134E560000000000000000000000000000000048
S1134E660000000000000000000000000000000038
S1134E760000000000000000000000000000000028
S1134E860000000000000000000000000000000018
S1134E960000000000000000000000000000000008
S1134EA600000000000000000000004040AE611A4F
S1134EB63F7898E63EA9DE5ABD00000000000000D7
S1134EC600000000000000000000000000000000D8
S1134ED600000000000000000000000000000000C8
S1134EE600000000000000000000000000000000B8
S1134EF600000000000000000000000000020000A6
S1134F060000000000020000000000000004000091
S1134F160000000000000000000000000000000087
S1134F260000000000000000000000000000000077
S1134F360000000000060000000000000001000060
S1134F460000000000050000000000000009000049
S1134F56000000000007000000000000000C000034
S1134F6600000000000E0000000000000000000029
S1134F760000000000000000000000000000000027
S1134F860000000000000000000000000000000017
S1134F960000000000000000000000000000000007
S1134FA6000000000000000040F4FC193EF4FC1967
S1134FB63E000000000000000000000000000000A9
S1134FC6000000C040A33C033F1C9A063F43ABDBF2
S1134FD63E1BA19F3C24EE51BEC05B90BE00000068
S1134FE600000000000000000000000000000000B7
S1134FF600000000000000000003000000000000A4
S11350060001000000000000000500000000000090
S11350160003000000000000000000000000000083
S11350260000000000000000000000000000000076
S11350360000000000000000000000000000000066
S11350460000000000000000000000000000000056
S11350560000000000000000000000000000000046
S11350660000000000000000000000000000000036
S11350760000000000000000000000000000000026
S11350860000000000000000000000000000000016
S11350960000000000000000000000000000000006
S11350A60000004040A60D533F2DED743E88478214
S11350B6BD00000000000000000000000000000029
S11350C600000000000000000000000000000000D6
S11350D600000000000000000000000000000000C6
S11350E600000000000000000000000000000000B6
S11350F600000000000200000000000000020000A2
S11351060000000000040000000000000000000091
S11351160000000000000000000000000000000085
S11351260000000000000000000000000002000073
S1135136000000000003000000000000000F000053
S11351460000000000000000000000000000000055
S11351560000000000000000000000000000000045
S11351660000000000000000000000000000000035
S11351760000000000000000000000000000000025
S11351860000000000000000000000000000000015
S11351960000000000000000000000000000000005
S11351A640BDAA033EBDAA033E0000000000000065
S11351B6000000000000000000000000402442A39C
S11351C63D8ACCFC3D000000000000000000000009
S11351D600000000000000000000000000000000C5
S11351E600000000000000000000000000000000B5
S11351F600000064000100020001006400020003D4
S1135206000100640064000200640002000300025E
S11352160064006400640064006400000000000090
S11352260000000000803F0000803F0000004000B6
S11352360000400000404000004040000080400064
S11352460080400000A0400000A0400000C04000D4
S113525600C0400000E0400000E0400000004100C3
S113526600004100001041000010410000204100F0
S11352760020410000304100003041000040410060
S113528600404100005041000050410000604100D0
S11352960060410000704100007041000080410040
S11352A600804100008841000088410000904100D0
S11352B600904100009841000098410000A0410080
S10D52C600A04101030500010001EE
S9030000FC
